0 info it worked if it ends with ok
1 verbose cli [ 'C:\\Program Files\\nodejs\\node.exe',
1 verbose cli   'C:\\Program Files\\nodejs\\node_modules\\npm\\bin\\npm-cli.js',
1 verbose cli   'start' ]
2 info using npm@3.3.12
3 info using node@v5.5.0
4 verbose run-script [ 'prestart', 'start', 'poststart' ]
5 info lifecycle learn-about-your-friend@~prestart: learn-about-your-friend@
6 silly lifecycle learn-about-your-friend@~prestart: no script for prestart, continuing
7 info lifecycle learn-about-your-friend@~start: learn-about-your-friend@
8 verbose lifecycle learn-about-your-friend@~start: unsafe-perm in lifecycle true
9 verbose lifecycle learn-about-your-friend@~start: PATH: C:\Program Files\nodejs\node_modules\npm\bin\node-gyp-bin;C:\Users\Prosper0\workspace\node-tutorial\LAYF\node_modules\.bin;C:\Users\Prosper0\bin;C:\Program Files\Git\mingw64\bin;C:\Program Files\Git\usr\local\bin;C:\Program Files\Git\usr\bin;C:\Program Files\Git\usr\bin;C:\Program Files\Git\mingw64\bin;C:\Program Files\Git\usr\bin;C:\Users\Prosper0\bin;C:\Program Files (x86)\Gaming Mechanical Keyboard;C:\ProgramData\Oracle\Java\javapath;C:\Program Files\Java\jdk1.8.0_65\bin;C:\Windows\system32;C:\Windows;C:\Windows\System32\Wbem;C:\Windows\System32\WindowsPowerShell\v1.0;C:\Program Files (x86)\NVIDIA Corporation\PhysX\Common;C:\Program Files (x86)\Skype\Phone;C:\Program Files (x86)\MySQL\MySQL Fabric 1.5 & MySQL Utilities 1.5;C:\Program Files (x86)\MySQL\MySQL Fabric 1.5 & MySQL Utilities 1.5\Doctrine extensions for PHP;C:\Users\Prosper0\java\apache-maven-3.3.9\bin;C:\Program Files\nodejs;C:\Program Files\Git\usr\bin;G:\Disk\Users\Prosper0\android-sdks\platform-tools;C:\Users\Prosper0\AppData\Roaming\npm;C:\Program Files\Git\usr\bin\vendor_perl;C:\Program Files\Git\usr\bin\core_perl
10 verbose lifecycle learn-about-your-friend@~start: CWD: C:\Users\Prosper0\workspace\node-tutorial\LAYF
11 silly lifecycle learn-about-your-friend@~start: Args: [ '/d /s /c', 'node app' ]
12 silly lifecycle learn-about-your-friend@~start: Returned: code: 1  signal: null
13 info lifecycle learn-about-your-friend@~start: Failed to exec start script
14 verbose stack Error: learn-about-your-friend@ start: `node app`
14 verbose stack Exit status 1
14 verbose stack     at EventEmitter.<anonymous> (C:\Program Files\nodejs\node_modules\npm\lib\utils\lifecycle.js:232:16)
14 verbose stack     at emitTwo (events.js:100:13)
14 verbose stack     at EventEmitter.emit (events.js:185:7)
14 verbose stack     at ChildProcess.<anonymous> (C:\Program Files\nodejs\node_modules\npm\lib\utils\spawn.js:24:14)
14 verbose stack     at emitTwo (events.js:100:13)
14 verbose stack     at ChildProcess.emit (events.js:185:7)
14 verbose stack     at maybeClose (internal/child_process.js:821:16)
14 verbose stack     at Process.ChildProcess._handle.onexit (internal/child_process.js:211:5)
15 verbose pkgid learn-about-your-friend@
16 verbose cwd C:\Users\Prosper0\workspace\node-tutorial\LAYF
17 error Windows_NT 6.1.7601
18 error argv "C:\\Program Files\\nodejs\\node.exe" "C:\\Program Files\\nodejs\\node_modules\\npm\\bin\\npm-cli.js" "start"
19 error node v5.5.0
20 error npm  v3.3.12
21 error code ELIFECYCLE
22 error learn-about-your-friend@ start: `node app`
22 error Exit status 1
23 error Failed at the learn-about-your-friend@ start script 'node app'.
23 error Make sure you have the latest version of node.js and npm installed.
23 error If you do, this is most likely a problem with the learn-about-your-friend package,
23 error not with npm itself.
23 error Tell the author that this fails on your system:
23 error     node app
23 error You can get their info via:
23 error     npm owner ls learn-about-your-friend
23 error There is likely additional logging output above.
24 verbose exit [ 1, true ]
